<?xml version="1.0" encoding="UTF-8"?>
<!-- Generated by org.testng.reporters.JUnitXMLReporter -->
<testsuite hostname="Chandas-Air.attlocal.net" ignored="0" name="Dollar Days Test" tests="5" failures="0" timestamp="2020-12-21T13:09:12 CST" time="125.865" errors="0">
  <testcase name="MyProfileLoginInfoEmailAddressValidation" time="19.596" classname="com.dollardays.testcases.MyProfileTestcase"/>
  <testcase name="MyProfile_Login_Information_Validation" time="22.217" classname="com.dollardays.testcases.MyProfileTestcase"/>
  <testcase name="Personal_Information_Validation" time="22.923" classname="com.dollardays.testcases.MyProfileTestcase"/>
  <testcase name="Email_Preferences_userEmail_Validation" time="21.549" classname="com.dollardays.testcases.MyProfileTestcase"/>
  <testcase name="emailPreferences_Checkbox_Validation" time="20.32" classname="com.dollardays.testcases.MyProfileTestcase"/>
</testsuite> <!-- Dollar Days Test -->
