<?xml version="1.0" encoding="UTF-8"?>
<!-- Generated by org.testng.reporters.JUnitXMLReporter -->
<testsuite hostname="Chandas-Air.attlocal.net" ignored="0" name="Dollar Days Test" tests="1" failures="0" timestamp="2020-12-21T16:30:17 CST" time="0.127" errors="0">
  <testcase name="AccountOverviewPageEditLinkVerify" time="0.0" classname="com.dollardays.testcases.AccOverviewTaxExemTestcase">
    <skipped/>
  </testcase> <!-- AccountOverviewPageEditLinkVerify -->
</testsuite> <!-- Dollar Days Test -->
