<?xml version="1.0" encoding="UTF-8"?>
<!-- Generated by org.testng.reporters.JUnitXMLReporter -->
<testsuite hostname="Chandas-Air.attlocal.net" ignored="0" name="Dollar Days Test" tests="1" failures="0" timestamp="2020-12-21T19:37:53 CST" time="0.609" errors="0">
  <testcase name="@BeforeMethod setUpBrowser" time="0.042" classname="com.dollardays.testcases.BaseTest">
    <failure type="java.lang.Exception" message="Exception occoured : The driver executable does not exist: /Team1DollarDays/servers/chromedriver">
      <![CDATA[java.lang.Exception: Exception occoured : The driver executable does not exist: /Team1DollarDays/servers/chromedriver
at com.dollardays.testcases.BaseTest.openBrowser(BaseTest.java:77)
at com.dollardays.testcases.BaseTest.setUpBrowser(BaseTest.java:99)
at java.util.ArrayList.forEach(ArrayList.java:1257)
... Removed 31 stack frames]]>
    </failure>
  </testcase> <!-- @BeforeMethod setUpBrowser -->
  <testcase name="@AfterMethod quit" time="-1.608601073907E9" classname="com.dollardays.testcases.BaseTest">
    <skipped/>
  </testcase> <!-- @AfterMethod quit -->
  <testcase name="AccountOverviewPageEditLinkVerify" time="0.0" classname="com.dollardays.testcases.AccOverviewTaxExemTestcase">
    <skipped/>
  </testcase> <!-- AccountOverviewPageEditLinkVerify -->
</testsuite> <!-- Dollar Days Test -->
